Autosaving every 5 seconds
2012
    H01L
ES
ES finidhsed
KS
KS finished
0 on 19198, time since last print: 1520.80 seconds
1000 on 19198, time since last print: 3773.20 seconds
2000 on 19198, time since last print: 3693.36 seconds
3000 on 19198, time since last print: 3684.40 seconds
4000 on 19198, time since last print: 3596.72 seconds
5000 on 19198, time since last print: 3539.58 seconds
6000 on 19198, time since last print: 3679.99 seconds
7000 on 19198, time since last print: 3658.16 seconds
8000 on 19198, time since last print: 3445.01 seconds
9000 on 19198, time since last print: 3453.28 seconds
10000 on 19198, time since last print: 3431.90 seconds
11000 on 19198, time since last print: 3458.68 seconds
12000 on 19198, time since last print: 3469.12 seconds
13000 on 19198, time since last print: 3432.45 seconds
14000 on 19198, time since last print: 3453.77 seconds
15000 on 19198, time since last print: 3459.52 seconds
16000 on 19198, time since last print: 3510.31 seconds
17000 on 19198, time since last print: 3418.29 seconds
18000 on 19198, time since last print: 3431.11 seconds
19000 on 19198, time since last print: 3466.38 seconds
2013
    H01L
ES
Autosaving every 5 seconds
2013
    H01L
ES
ES finidhsed
KS
KS finished
0 on 20359, time since last print: 1267.17 seconds
1000 on 20359, time since last print: 3623.75 seconds
2000 on 20359, time since last print: 3629.90 seconds
3000 on 20359, time since last print: 3593.06 seconds
4000 on 20359, time since last print: 3514.85 seconds
5000 on 20359, time since last print: 3516.26 seconds
6000 on 20359, time since last print: 3569.83 seconds
7000 on 20359, time since last print: 3592.69 seconds
8000 on 20359, time since last print: 3540.97 seconds
9000 on 20359, time since last print: 3548.49 seconds
10000 on 20359, time since last print: 3548.67 seconds
11000 on 20359, time since last print: 3463.46 seconds
12000 on 20359, time since last print: 3460.55 seconds
13000 on 20359, time since last print: 3449.91 seconds
14000 on 20359, time since last print: 3441.47 seconds
15000 on 20359, time since last print: 3443.62 seconds
16000 on 20359, time since last print: 3395.68 seconds
17000 on 20359, time since last print: 3451.92 seconds
18000 on 20359, time since last print: 3422.76 seconds
19000 on 20359, time since last print: 3447.15 seconds
20000 on 20359, time since last print: 3436.25 seconds
2014
    H01L
ES
ES finidhsed
KS
KS finished
0 on 19925, time since last print: 2724.85 seconds
1000 on 19925, time since last print: 3503.85 seconds
2000 on 19925, time since last print: 3547.17 seconds
3000 on 19925, time since last print: 3528.21 seconds
4000 on 19925, time since last print: 3493.00 seconds
5000 on 19925, time since last print: 3492.89 seconds
6000 on 19925, time since last print: 3545.42 seconds
7000 on 19925, time since last print: 3506.67 seconds
8000 on 19925, time since last print: 3412.25 seconds
9000 on 19925, time since last print: 3473.79 seconds
10000 on 19925, time since last print: 3470.36 seconds
11000 on 19925, time since last print: 3453.36 seconds
12000 on 19925, time since last print: 3417.92 seconds
13000 on 19925, time since last print: 3485.43 seconds
14000 on 19925, time since last print: 3403.82 seconds
15000 on 19925, time since last print: 3444.83 seconds
16000 on 19925, time since last print: 3501.07 seconds
17000 on 19925, time since last print: 3440.49 seconds
18000 on 19925, time since last print: 3414.57 seconds
19000 on 19925, time since last print: 3459.20 seconds
2015
    H01L
ES
Autosaving every 5 seconds
No such comm target registered: jupyter.widget.control
No such comm: 10757ef0-09cd-4661-a294-4da74830cd79
2015
    H01L
ES
ES finidhsed
KS
Autosaving every 5 seconds
2015
    H01L
ES
ES finidhsed
KS
KS finished
0 on 17315, time since last print: 1468.30 seconds
1000 on 17315, time since last print: 3715.82 seconds
2000 on 17315, time since last print: 3597.47 seconds
3000 on 17315, time since last print: 3626.34 seconds
4000 on 17315, time since last print: 3611.49 seconds
5000 on 17315, time since last print: 3550.19 seconds
6000 on 17315, time since last print: 3466.63 seconds
7000 on 17315, time since last print: 3478.45 seconds
8000 on 17315, time since last print: 3549.07 seconds
9000 on 17315, time since last print: 3544.06 seconds
10000 on 17315, time since last print: 3500.28 seconds
11000 on 17315, time since last print: 3555.40 seconds
12000 on 17315, time since last print: 3486.78 seconds
13000 on 17315, time since last print: 3465.08 seconds
14000 on 17315, time since last print: 3435.20 seconds
15000 on 17315, time since last print: 3457.25 seconds
16000 on 17315, time since last print: 3438.03 seconds
17000 on 17315, time since last print: 3456.05 seconds
2016
    H01L
ES
Autosaving every 5 seconds
2016
    H01L
ES
ES finidhsed
KS
KS finished
2016
    H01L
ES
Autosaving every 5 seconds
2016
    H01L
ES
ES finidhsed
KS
KS finished
0 on 11700, time since last print: 1501.06 seconds
1000 on 11700, time since last print: 3544.27 seconds
2000 on 11700, time since last print: 3550.95 seconds
3000 on 11700, time since last print: 3514.51 seconds
4000 on 11700, time since last print: 3532.82 seconds
5000 on 11700, time since last print: 3436.58 seconds
6000 on 11700, time since last print: 3485.63 seconds
7000 on 11700, time since last print: 3424.23 seconds
8000 on 11700, time since last print: 3415.91 seconds
9000 on 11700, time since last print: 3394.11 seconds
10000 on 11700, time since last print: 3469.13 seconds
11000 on 11700, time since last print: 3397.59 seconds
No such comm target registered: jupyter.widget.control
No such comm: 4e5fa319-a528-4907-974c-26e3632e7a5d
No such comm target registered: jupyter.widget.control
No such comm: e0fdc61c-3654-4c5e-85f3-6878d2acd044
Autosaving every 5 seconds
2012
    A61B
ES
ES finidhsed
KS
KS finished
0 on 8459, time since last print: 1655.03 seconds
1000 on 8459, time since last print: 4278.02 seconds
2000 on 8459, time since last print: 4275.37 seconds
3000 on 8459, time since last print: 4215.12 seconds
4000 on 8459, time since last print: 4033.39 seconds
5000 on 8459, time since last print: 4029.04 seconds
6000 on 8459, time since last print: 4013.64 seconds
7000 on 8459, time since last print: 4148.64 seconds
8000 on 8459, time since last print: 3990.99 seconds
2013
    A61B
ES
ES finidhsed
KS
KS finished
0 on 9403, time since last print: 1303.72 seconds
1000 on 9403, time since last print: 4094.09 seconds
2000 on 9403, time since last print: 3997.77 seconds
3000 on 9403, time since last print: 3947.71 seconds
4000 on 9403, time since last print: 3950.89 seconds
5000 on 9403, time since last print: 3841.95 seconds
6000 on 9403, time since last print: 3932.57 seconds
7000 on 9403, time since last print: 3887.38 seconds
8000 on 9403, time since last print: 3884.60 seconds
9000 on 9403, time since last print: 3899.28 seconds
2014
    A61B
ES
ES finidhsed
KS
KS finished
0 on 8383, time since last print: 1693.22 seconds
1000 on 8383, time since last print: 4485.97 seconds
2000 on 8383, time since last print: 4517.00 seconds
3000 on 8383, time since last print: 4382.28 seconds
4000 on 8383, time since last print: 4361.95 seconds
5000 on 8383, time since last print: 4406.42 seconds
6000 on 8383, time since last print: 4296.17 seconds
7000 on 8383, time since last print: 4440.88 seconds
8000 on 8383, time since last print: 4388.91 seconds
2015
    A61B
ES
ES finidhsed
KS
KS finished
0 on 5811, time since last print: 1639.45 seconds
1000 on 5811, time since last print: 4043.21 seconds
2000 on 5811, time since last print: 3975.14 seconds
3000 on 5811, time since last print: 3870.52 seconds
4000 on 5811, time since last print: 3899.00 seconds
5000 on 5811, time since last print: 3907.98 seconds
2016
    A61B
ES
ES finidhsed
KS
KS finished
0 on 2708, time since last print: 1599.37 seconds
1000 on 2708, time since last print: 4372.40 seconds
2000 on 2708, time since last print: 4246.12 seconds
No such comm target registered: jupyter.widget.control
No such comm: b68e56fa-93cc-457f-b750-99f10ffb7425
No such comm target registered: jupyter.widget.control
No such comm: 97995234-0020-4002-b2b5-862e9c194a89
