Autosaving every 5 seconds
2012
    F03D
ES
Autosaving every 5 seconds
2012
    H01L
ES
ES finidhsed
KS
KS finished
0 on 19198, time since last print: 1451.65 seconds
1000 on 19198, time since last print: 3600.50 seconds
No such comm target registered: jupyter.widget.control
No such comm: 71d0fe58-0a45-4bcb-a4f0-1b807839e560
Autosaving every 5 seconds
2012
    H01L
ES
Autosaving every 5 seconds
2012
    H01L
ES
ES finidhsed
KS
KS finished
0 on 19198, time since last print: 1262.57 seconds
1000 on 19198, time since last print: 3364.55 seconds
No such comm target registered: jupyter.widget.control
No such comm target registered: jupyter.widget.control
No such comm: 9acd675b-3952-42c8-8ede-06c11c0b4497
No such comm: 9d3b53fb-cdaa-4b62-bca3-b167b69c1de5
No such comm target registered: jupyter.widget.control
No such comm: 1d0a36f5-8702-4817-b2df-f4f224240245
Autosaving every 5 seconds
2012
    H01L
ES
ES finidhsed
KS
KS finished
0 on 19198, time since last print: 1357.48 seconds
1000 on 19198, time since last print: 3411.76 seconds
No such comm target registered: jupyter.widget.control
No such comm: dbdedaf0-feac-4d30-af2f-e242a561892f
2012
    H01L
Autosaving every 5 seconds
2012
    H01L
ES
ES finidhsed
KS
KS finished
0 on 19198, time since last print: 1437.62 seconds
1000 on 19198, time since last print: 3428.95 seconds
2000 on 19198, time since last print: 3282.00 seconds
3000 on 19198, time since last print: 3285.91 seconds
4000 on 19198, time since last print: 3275.39 seconds
5000 on 19198, time since last print: 3169.65 seconds
6000 on 19198, time since last print: 3243.48 seconds
7000 on 19198, time since last print: 3215.90 seconds
No such comm target registered: jupyter.widget.control
No such comm: 839cf9a2-129e-4b89-aeaf-b09f80c39529
No such comm target registered: jupyter.widget.control
No such comm: df3f3ea0-4d34-4003-b46c-858d0f2fba2a
